Using pre-set license
Built from '2020.2/release' branch; Version is '2020.2.4f1 (becced5a802b) revision 12504301'; Using compiler version '192528614'; Build Type 'Release'
OS: 'Windows 10 Pro; OS build 19044.2604; Version 2009; 64bit' Language: 'en' Physical Memory: 32680 MB
BatchMode: 1, IsHumanControllingUs: 0, StartBugReporterOnCrash: 0, Is64bit: 1, IsPro: 0

 COMMAND LINE ARGUMENTS:
C:\Program Files\Unity\Hub\Editor\2020.2.4f1\Editor\Unity.exe
-adb2
-batchMode
-noUpm
-name
AssetImportWorker0
-projectPath
C:/Users/Scoot/Documents/Unity test/New Unity Project (1)
-logFile
Logs/AssetImportWorker0.log
-srvPort
60564
Successfully changed project path to: C:/Users/Scoot/Documents/Unity test/New Unity Project (1)
C:/Users/Scoot/Documents/Unity test/New Unity Project (1)
Using Asset Import Pipeline V2.
Refreshing native plugins compatible for Editor in 16.39 ms, found 0 plugins.
Preloading 0 native plugins for Editor in 0.00 ms.
Initialize engine version: 2020.2.4f1 (becced5a802b)
[Subsystems] Discovering subsystems at path C:/Program Files/Unity/Hub/Editor/2020.2.4f1/Editor/Data/Resources/UnitySubsystems
[Subsystems] Discovering subsystems at path C:/Users/Scoot/Documents/Unity test/New Unity Project (1)/Assets
GfxDevice: creating device client; threaded=0
Direct3D:
    Version:  Direct3D 11.0 [level 11.1]
    Renderer: NVIDIA GeForce RTX 3070 (ID=0x2484)
    Vendor:   
    VRAM:     8031 MB
    Driver:   31.0.15.2756
Initialize mono
Mono path[0] = 'C:/Program Files/Unity/Hub/Editor/2020.2.4f1/Editor/Data/Managed'
Mono path[1] = 'C:/Program Files/Unity/Hub/Editor/2020.2.4f1/Editor/Data/MonoBleedingEdge/lib/mono/unityjit'
Mono config path = 'C:/Program Files/Unity/Hub/Editor/2020.2.4f1/Editor/Data/MonoBleedingEdge/etc'
Using monoOptions --debugger-agent=transport=dt_socket,embedding=1,server=y,suspend=n,address=127.0.0.1:56796
Begin MonoManager ReloadAssembly
Registering precompiled unity dll's ...
Register platform support module: C:/Program Files/Unity/Hub/Editor/2020.2.4f1/Editor/Data/PlaybackEngines/WindowsStandaloneSupport/UnityEditor.WindowsStandalone.Extensions.dll
Registered in 0.001466 seconds.
Native extension for WindowsStandalone target not found
Refreshing native plugins compatible for Editor in 18.38 ms, found 0 plugins.
Preloading 0 native plugins for Editor in 0.00 ms.
Invoked RoslynAnalysisRunner static constructor.
RoslynAnalysisRunner will not be running.
RoslynAnalysisRunner has terminated.
Mono: successfully reloaded assembly
- Completed reload, in  0.919 seconds
Platform modules already initialized, skipping
Registering precompiled user dll's ...
Registered in 0.000509 seconds.
Begin MonoManager ReloadAssembly
Native extension for WindowsStandalone target not found
Refreshing native plugins compatible for Editor in 0.17 ms, found 0 plugins.
Preloading 0 native plugins for Editor in 0.00 ms.
Invoked RoslynAnalysisRunner static constructor.
RoslynAnalysisRunner will not be running.
RoslynAnalysisRunner has terminated.
Mono: successfully reloaded assembly
- Completed reload, in  0.723 seconds
Platform modules already initialized, skipping
========================================================================
Worker process is ready to serve import requests
Launched and connected shader compiler UnityShaderCompiler.exe after 0.07 seconds
Refreshing native plugins compatible for Editor in 0.16 ms, found 0 plugins.
Preloading 0 native plugins for Editor in 0.00 ms.
Unloading 963 Unused Serialized files (Serialized files now loaded: 0)
System memory in use before: 66.4 MB.
System memory in use after: 66.5 MB.

Unloading 9 unused Assets to reduce memory usage. Loaded Objects now: 1425.
Total: 1.702311 ms (FindLiveObjects: 0.164197 ms CreateObjectMapping: 0.053498 ms MarkObjects: 1.416521 ms  DeleteObjects: 0.059644 ms)

========================================================================
Received Import Request.
  path: Assets/Materials/cat guy texture edit.mat
  artifactKey: Guid(81270c249f379344991d20b78c5555da) Importer(815301076,1909f56bfc062723c751e8b465ee728b)
Start importing Assets/Materials/cat guy texture edit.mat using Guid(81270c249f379344991d20b78c5555da) Importer(815301076,1909f56bfc062723c751e8b465ee728b)  -> (artifact id: 'f06d89e967ea0a2b86777a28b0810ec9') in 0.127831 seconds
  Import took 0.129280 seconds .

========================================================================
Received Import Request.
  Time since last request: 0.000137 seconds.
  path: Assets/Materials
  artifactKey: Guid(a6f41cb82f40e444785208429b78aa2a) Importer(815301076,1909f56bfc062723c751e8b465ee728b)
Start importing Assets/Materials using Guid(a6f41cb82f40e444785208429b78aa2a) Importer(815301076,1909f56bfc062723c751e8b465ee728b)  -> (artifact id: '5893c0693f42056c5090fe0140350a75') in 0.004434 seconds
  Import took 0.005714 seconds .

========================================================================
Received Import Request.
  Time since last request: 26.367132 seconds.
  path: Assets/AurynSky/Gems Ultimate Pack/Scenes
  artifactKey: Guid(a05f34efd1b405249aebe61e1bf05a0b) Importer(815301076,1909f56bfc062723c751e8b465ee728b)
Start importing Assets/AurynSky/Gems Ultimate Pack/Scenes using Guid(a05f34efd1b405249aebe61e1bf05a0b) Importer(815301076,1909f56bfc062723c751e8b465ee728b)  -> (artifact id: '3f34a9b556ba5e1ded122b32721d97f9') in 0.005876 seconds
  Import took 0.007537 seconds .

========================================================================
Received Import Request.
  Time since last request: 0.710961 seconds.
  path: Assets/AurynSky/Gems Ultimate Pack/Models
  artifactKey: Guid(e0cd51884e8322444a3b3146b5e8284a) Importer(815301076,1909f56bfc062723c751e8b465ee728b)
Start importing Assets/AurynSky/Gems Ultimate Pack/Models using Guid(e0cd51884e8322444a3b3146b5e8284a) Importer(815301076,1909f56bfc062723c751e8b465ee728b)  -> (artifact id: 'da967622a08c2f985a0acc6caf88d84b') in 0.005568 seconds
  Import took 0.007200 seconds .

========================================================================
Received Import Request.
  Time since last request: 0.000214 seconds.
  path: Assets/AurynSky/Gems Ultimate Pack/Models
  artifactKey: Guid(e0cd51884e8322444a3b3146b5e8284a) Importer(815301076,1909f56bfc062723c751e8b465ee728b)
Start importing Assets/AurynSky/Gems Ultimate Pack/Models using Guid(e0cd51884e8322444a3b3146b5e8284a) Importer(815301076,1909f56bfc062723c751e8b465ee728b)  -> (artifact id: 'da967622a08c2f985a0acc6caf88d84b') in 0.001313 seconds
  Import took 0.002472 seconds .

========================================================================
Received Import Request.
  Time since last request: 53.474477 seconds.
  path: Assets/wireframe polygon.fbx
  artifactKey: Guid(91b75be0a7ab3104ab8b6c93f73fdd59) Importer(815301076,1909f56bfc062723c751e8b465ee728b)
Start importing Assets/wireframe polygon.fbx using Guid(91b75be0a7ab3104ab8b6c93f73fdd59) Importer(815301076,1909f56bfc062723c751e8b465ee728b)  -> (artifact id: 'fb2db00e1fcfd68c991632789ecbae41') in 0.120004 seconds
  Import took 0.121435 seconds .

AssetImportWorkerClient::OnTransportError - code=2 error=End of file
