Using pre-set license
Built from '2020.2/release' branch; Version is '2020.2.4f1 (becced5a802b) revision 12504301'; Using compiler version '192528614'; Build Type 'Release'
OS: 'Windows 10 Pro; OS build 19044.2604; Version 2009; 64bit' Language: 'en' Physical Memory: 32680 MB
BatchMode: 1, IsHumanControllingUs: 0, StartBugReporterOnCrash: 0, Is64bit: 1, IsPro: 0

 COMMAND LINE ARGUMENTS:
C:\Program Files\Unity\Hub\Editor\2020.2.4f1\Editor\Unity.exe
-adb2
-batchMode
-noUpm
-name
AssetImportWorker0
-projectPath
C:/Users/Scoot/Documents/Unity test/New Unity Project (1)
-logFile
Logs/AssetImportWorker0.log
-srvPort
55967
Successfully changed project path to: C:/Users/Scoot/Documents/Unity test/New Unity Project (1)
C:/Users/Scoot/Documents/Unity test/New Unity Project (1)
Using Asset Import Pipeline V2.
Refreshing native plugins compatible for Editor in 16.61 ms, found 0 plugins.
Preloading 0 native plugins for Editor in 0.00 ms.
Initialize engine version: 2020.2.4f1 (becced5a802b)
[Subsystems] Discovering subsystems at path C:/Program Files/Unity/Hub/Editor/2020.2.4f1/Editor/Data/Resources/UnitySubsystems
[Subsystems] Discovering subsystems at path C:/Users/Scoot/Documents/Unity test/New Unity Project (1)/Assets
GfxDevice: creating device client; threaded=0
Direct3D:
    Version:  Direct3D 11.0 [level 11.1]
    Renderer: NVIDIA GeForce RTX 3070 (ID=0x2484)
    Vendor:   
    VRAM:     8031 MB
    Driver:   31.0.15.2756
Initialize mono
Mono path[0] = 'C:/Program Files/Unity/Hub/Editor/2020.2.4f1/Editor/Data/Managed'
Mono path[1] = 'C:/Program Files/Unity/Hub/Editor/2020.2.4f1/Editor/Data/MonoBleedingEdge/lib/mono/unityjit'
Mono config path = 'C:/Program Files/Unity/Hub/Editor/2020.2.4f1/Editor/Data/MonoBleedingEdge/etc'
Using monoOptions --debugger-agent=transport=dt_socket,embedding=1,server=y,suspend=n,address=127.0.0.1:56628
Begin MonoManager ReloadAssembly
Registering precompiled unity dll's ...
Register platform support module: C:/Program Files/Unity/Hub/Editor/2020.2.4f1/Editor/Data/PlaybackEngines/WindowsStandaloneSupport/UnityEditor.WindowsStandalone.Extensions.dll
Registered in 0.001415 seconds.
Native extension for WindowsStandalone target not found
Refreshing native plugins compatible for Editor in 15.91 ms, found 0 plugins.
Preloading 0 native plugins for Editor in 0.00 ms.
Invoked RoslynAnalysisRunner static constructor.
RoslynAnalysisRunner will not be running.
RoslynAnalysisRunner has terminated.
Mono: successfully reloaded assembly
- Completed reload, in  0.857 seconds
Platform modules already initialized, skipping
Registering precompiled user dll's ...
Registered in 0.000519 seconds.
Begin MonoManager ReloadAssembly
Native extension for WindowsStandalone target not found
Refreshing native plugins compatible for Editor in 0.29 ms, found 0 plugins.
Preloading 0 native plugins for Editor in 0.00 ms.
Invoked RoslynAnalysisRunner static constructor.
RoslynAnalysisRunner will not be running.
RoslynAnalysisRunner has terminated.
Mono: successfully reloaded assembly
- Completed reload, in  0.691 seconds
Platform modules already initialized, skipping
========================================================================
Worker process is ready to serve import requests
Launched and connected shader compiler UnityShaderCompiler.exe after 0.08 seconds
Refreshing native plugins compatible for Editor in 0.18 ms, found 0 plugins.
Preloading 0 native plugins for Editor in 0.00 ms.
Unloading 963 Unused Serialized files (Serialized files now loaded: 0)
System memory in use before: 66.5 MB.
System memory in use after: 66.6 MB.

Unloading 9 unused Assets to reduce memory usage. Loaded Objects now: 1425.
Total: 1.408978 ms (FindLiveObjects: 0.124876 ms CreateObjectMapping: 0.031219 ms MarkObjects: 1.192680 ms  DeleteObjects: 0.052940 ms)

========================================================================
Received Import Request.
  path: Assets/SimpleSpace/Scenes
  artifactKey: Guid(980b29836209e48428fa204cdc1be9c6) Importer(815301076,1909f56bfc062723c751e8b465ee728b)
Start importing Assets/SimpleSpace/Scenes using Guid(980b29836209e48428fa204cdc1be9c6) Importer(815301076,1909f56bfc062723c751e8b465ee728b)  -> (artifact id: 'b4e243dc744d7037fca956c31f3eda95') in 0.006293 seconds
  Import took 0.007575 seconds .

========================================================================
Received Import Request.
  Time since last request: 2.544915 seconds.
  path: Assets/SimpleSpace/Scenes/Demo.unity
  artifactKey: Guid(38694a22b23c3394e8d2827e0cbcbc16) Importer(815301076,1909f56bfc062723c751e8b465ee728b)
Start importing Assets/SimpleSpace/Scenes/Demo.unity using Guid(38694a22b23c3394e8d2827e0cbcbc16) Importer(815301076,1909f56bfc062723c751e8b465ee728b)  -> (artifact id: 'aa017bd095ea1c2c34f7a54cb7f72a95') in 0.009509 seconds
  Import took 0.010946 seconds .

AssetImportWorkerClient::OnTransportError - code=2 error=End of file
